2021-11-22 06:27:28,477  INFO [main] HomePage:15 - Successfully Entered the Text: "Lord Shiva" in the Search Bar Field
 2021-11-22 06:27:28,574  INFO [main] HomePage:20 - Successfully clicked "Search Icon" Button
 2021-11-22 06:27:28,655 ERROR [main] HomePage:57 - Search Icon Click FAILED, coudn't navigate to Search Found Page
 2021-11-22 06:27:29,388  INFO [main] HomePage:15 - Successfully Entered the Text: "Lord Shiva" in the Search Bar Field
 2021-11-22 06:27:31,140  INFO [main] HomePage:26 - Successfully Pressed the ENTER button In Keyboard)]
 2021-11-22 06:27:31,262  INFO [main] HomePage:82 - Navigated to Search Results Page
 2021-11-22 06:27:34,239  INFO [main] HomePage:20 - Successfully clicked "Personalized Gifts" Button
 2021-11-22 06:27:35,246  INFO [main] HomePage:108 - Navigated to Personalized Gifts Page
 2021-11-22 06:27:38,457  INFO [main] HomePage:20 - Successfully clicked "new" Button
 2021-11-22 06:27:39,819  INFO [main] HomePage:134 - Navigated to What's New Page
 2021-11-22 06:27:45,483  INFO [main] HomePage:20 - Successfully clicked "TOP50" Button
 2021-11-22 06:27:46,493  INFO [main] HomePage:158 - Navigated to Most Popular Gifts Page
 2021-11-22 06:27:49,590  INFO [main] HomePage:20 - Successfully clicked "Christmas Gifts" Button
 2021-11-22 06:27:50,604  INFO [main] HomePage:184 - Navigated to Christmas Gifts Page
 2021-11-22 06:27:53,082  INFO [main] HomePage:20 - Successfully clicked "Secret Christmas Gifts" Button
 2021-11-22 06:27:54,091  INFO [main] HomePage:208 - Navigated to Secret Christmas Gifts Page
 2021-11-22 06:27:56,903  INFO [main] HomePage:20 - Successfully clicked "All of It" Button
 2021-11-22 06:27:57,921  INFO [main] HomePage:233 - Navigated to All of it Gifts Page
 2021-11-22 06:28:00,962  INFO [main] HomePage:20 - Successfully clicked "Gift Cards" Button
 2021-11-22 06:28:01,981  INFO [main] HomePage:259 - Navigated to Gift Cards Page
 2021-11-22 06:28:04,946  INFO [main] HomePage:20 - Successfully clicked "Wish List" Button
 2021-11-22 06:28:05,949  INFO [main] HomePage:284 - Navigated to Wish List Page
 