2021-11-21 13:18:43,002  INFO [main] HomePage:15 - Successfully Entered the Text: "Lord Shiva" in the Search Bar Field
 2021-11-21 13:18:43,109  INFO [main] HomePage:20 - Successfully clicked "Search Icon" Button
 2021-11-21 13:18:43,217 ERROR [main] HomePage:59 - Search Icon Click FAILED, coudn't navigate to Search Found Page
 2021-11-21 13:18:44,163  INFO [main] HomePage:15 - Successfully Entered the Text: "Lord Shiva" in the Search Bar Field
 2021-11-21 13:18:46,247  INFO [main] HomePage:26 - Successfully Pressed the ENTER button In Keyboard)]
 2021-11-21 13:18:46,381  INFO [main] HomePage:84 - Navigated to Search Results Page
 2021-11-21 13:18:49,492  INFO [main] HomePage:20 - Successfully clicked "Personalized Gifts" Button
 2021-11-21 13:18:50,520  INFO [main] HomePage:110 - Navigated to Personalized Gifts Page
 2021-11-21 13:18:53,409  INFO [main] HomePage:20 - Successfully clicked "new" Button
 2021-11-21 13:18:54,765  INFO [main] HomePage:136 - Navigated to What's New Page
 2021-11-21 13:19:01,553  INFO [main] HomePage:20 - Successfully clicked "TOP50" Button
 2021-11-21 13:19:02,568  INFO [main] HomePage:160 - Navigated to Most Popular Gifts Page
 2021-11-21 13:19:05,264  INFO [main] HomePage:20 - Successfully clicked "Christmas Gifts" Button
 2021-11-21 13:19:06,268  INFO [main] HomePage:186 - Navigated to Christmas Gifts Page
 2021-11-21 13:19:08,793  INFO [main] HomePage:20 - Successfully clicked "Secret Christmas Gifts" Button
 2021-11-21 13:19:09,803  INFO [main] HomePage:210 - Navigated to Secret Christmas Gifts Page
 2021-11-21 13:19:12,193  INFO [main] HomePage:20 - Successfully clicked "All of It" Button
 2021-11-21 13:19:13,208  INFO [main] HomePage:235 - Navigated to All of it Gifts Page
 2021-11-21 13:19:15,469  INFO [main] HomePage:20 - Successfully clicked "Gift Cards" Button
 2021-11-21 13:19:16,476  INFO [main] HomePage:261 - Navigated to Gift Cards Page
 2021-11-21 13:19:19,307  INFO [main] HomePage:20 - Successfully clicked "Wish List" Button
 2021-11-21 13:19:20,316  INFO [main] HomePage:286 - Navigated to Wish List Page
 